<?xml version="1.0" encoding="UTF-8"?>
<!-- Generated by org.testng.reporters.JUnitReportReporter -->
<testsuite hostname="SAM" failures="0" tests="4" name="api.TestCases.ApiTestCases" time="8.650" errors="0" timestamp="2025-05-04T11:40:36 IST" skipped="0">
  <testcase classname="api.TestCases.ApiTestCases" name="create" time="5.180"/>
  <testcase classname="api.TestCases.ApiTestCases" name="get" time="0.926"/>
  <testcase classname="api.TestCases.ApiTestCases" name="update" time="1.596"/>
  <testcase classname="api.TestCases.ApiTestCases" name="delete" time="0.948"/>
</testsuite> <!-- api.TestCases.ApiTestCases -->
